2019-10-14 14:10:51  [ background-preinit:0 ] - [ INFO ]  HV000001: Hibernate Validator 6.0.17.Final
2019-10-14 14:10:51  [ main:781 ] - [ INFO ]  Starting DemoApplication on HIH-D-6675 with PID 139572 (E:\IdeaProjects\myproject\devTemplate\target\classes started by wb.lixiang2019 in E:\IdeaProjects\myproject\devTemplate)
2019-10-14 14:10:51  [ main:781 ] - [ INFO ]  The following profiles are active: dev
2019-10-14 14:10:53  [ main:2565 ] - [ INFO ]  Tomcat initialized with port(s): 8080 (http)
2019-10-14 14:10:53  [ main:2802 ] - [ INFO ]  Root WebApplicationContext: initialization completed in 1963 ms
2019-10-14 14:10:54  [ main:2931 ] - [ INFO ]  Init DruidDataSource
2019-10-14 14:10:54  [ main:3064 ] - [ ERROR ]  {dataSource-1} init error
java.sql.SQLException: com.mysql.cj.jdbc.Driver
	at com.alibaba.druid.util.JdbcUtils.createDriver(JdbcUtils.java:600)
	at com.alibaba.druid.pool.DruidDataSource.init(DruidDataSource.java:817)
	at sun.reflect.NativeMethodAccessorImpl.invoke0(Native Method)
	at sun.reflect.NativeMethodAccessorImpl.invoke(NativeMethodAccessorImpl.java:62)
	at sun.reflect.DelegatingMethodAccessorImpl.invoke(DelegatingMethodAccessorImpl.java:43)
	at java.lang.reflect.Method.invoke(Method.java:498)
	at org.springframework.beans.factory.support.AbstractAutowireCapableBeanFactory.invokeCustomInitMethod(AbstractAutowireCapableBeanFactory.java:1904)
	at org.springframework.beans.factory.support.AbstractAutowireCapableBeanFactory.invokeInitMethods(AbstractAutowireCapableBeanFactory.java:1846)
	at org.springframework.beans.factory.support.AbstractAutowireCapableBeanFactory.initializeBean(AbstractAutowireCapableBeanFactory.java:1774)
	at org.springframework.beans.factory.support.AbstractAutowireCapableBeanFactory.doCreateBean(AbstractAutowireCapableBeanFactory.java:593)
	at org.springframework.beans.factory.support.AbstractAutowireCapableBeanFactory.createBean(AbstractAutowireCapableBeanFactory.java:515)
	at org.springframework.beans.factory.support.AbstractBeanFactory.lambda$doGetBean$0(AbstractBeanFactory.java:320)
	at org.springframework.beans.factory.support.DefaultSingletonBeanRegistry.getSingleton(DefaultSingletonBeanRegistry.java:222)
	at org.springframework.beans.factory.support.AbstractBeanFactory.doGetBean(AbstractBeanFactory.java:318)
	at org.springframework.beans.factory.support.AbstractBeanFactory.getBean(AbstractBeanFactory.java:199)
	at org.springframework.beans.factory.config.DependencyDescriptor.resolveCandidate(DependencyDescriptor.java:277)
	at org.springframework.beans.factory.support.DefaultListableBeanFactory.doResolveDependency(DefaultListableBeanFactory.java:1255)
	at org.springframework.beans.factory.support.DefaultListableBeanFactory.resolveDependency(DefaultListableBeanFactory.java:1175)
	at org.springframework.beans.factory.support.ConstructorResolver.resolveAutowiredArgument(ConstructorResolver.java:857)
	at org.springframework.beans.factory.support.ConstructorResolver.createArgumentArray(ConstructorResolver.java:760)
	at org.springframework.beans.factory.support.ConstructorResolver.instantiateUsingFactoryMethod(ConstructorResolver.java:509)
	at org.springframework.beans.factory.support.AbstractAutowireCapableBeanFactory.instantiateUsingFactoryMethod(AbstractAutowireCapableBeanFactory.java:1321)
	at org.springframework.beans.factory.support.AbstractAutowireCapableBeanFactory.createBeanInstance(AbstractAutowireCapableBeanFactory.java:1160)
	at org.springframework.beans.factory.support.AbstractAutowireCapableBeanFactory.doCreateBean(AbstractAutowireCapableBeanFactory.java:555)
	at org.springframework.beans.factory.support.AbstractAutowireCapableBeanFactory.createBean(AbstractAutowireCapableBeanFactory.java:515)
	at org.springframework.beans.factory.support.AbstractBeanFactory.lambda$doGetBean$0(AbstractBeanFactory.java:320)
	at org.springframework.beans.factory.support.DefaultSingletonBeanRegistry.getSingleton(DefaultSingletonBeanRegistry.java:222)
	at org.springframework.beans.factory.support.AbstractBeanFactory.doGetBean(AbstractBeanFactory.java:318)
	at org.springframework.beans.factory.support.AbstractBeanFactory.getBean(AbstractBeanFactory.java:199)
	at org.springframework.beans.factory.config.DependencyDescriptor.resolveCandidate(DependencyDescriptor.java:277)
	at org.springframework.beans.factory.support.DefaultListableBeanFactory.doResolveDependency(DefaultListableBeanFactory.java:1255)
	at org.springframework.beans.factory.support.DefaultListableBeanFactory.resolveDependency(DefaultListableBeanFactory.java:1175)
	at org.springframework.beans.factory.support.AbstractAutowireCapableBeanFactory.autowireByType(AbstractAutowireCapableBeanFactory.java:1500)
	at org.springframework.beans.factory.support.AbstractAutowireCapableBeanFactory.populateBean(AbstractAutowireCapableBeanFactory.java:1395)
	at org.springframework.beans.factory.support.AbstractAutowireCapableBeanFactory.doCreateBean(AbstractAutowireCapableBeanFactory.java:592)
	at org.springframework.beans.factory.support.AbstractAutowireCapableBeanFactory.createBean(AbstractAutowireCapableBeanFactory.java:515)
	at org.springframework.beans.factory.support.AbstractBeanFactory.lambda$doGetBean$0(AbstractBeanFactory.java:320)
	at org.springframework.beans.factory.support.DefaultSingletonBeanRegistry.getSingleton(DefaultSingletonBeanRegistry.java:222)
	at org.springframework.beans.factory.support.AbstractBeanFactory.doGetBean(AbstractBeanFactory.java:318)
	at org.springframework.beans.factory.support.AbstractBeanFactory.getBean(AbstractBeanFactory.java:199)
	at org.springframework.beans.factory.config.DependencyDescriptor.resolveCandidate(DependencyDescriptor.java:277)
	at org.springframework.beans.factory.support.DefaultListableBeanFactory.doResolveDependency(DefaultListableBeanFactory.java:1255)
	at org.springframework.beans.factory.support.DefaultListableBeanFactory.resolveDependency(DefaultListableBeanFactory.java:1175)
	at org.springframework.beans.factory.annotation.AutowiredAnnotationBeanPostProcessor$AutowiredFieldElement.inject(AutowiredAnnotationBeanPostProcessor.java:595)
	at org.springframework.beans.factory.annotation.InjectionMetadata.inject(InjectionMetadata.java:90)
	at org.springframework.beans.factory.annotation.AutowiredAnnotationBeanPostProcessor.postProcessProperties(AutowiredAnnotationBeanPostProcessor.java:376)
	at org.springframework.beans.factory.support.AbstractAutowireCapableBeanFactory.populateBean(AbstractAutowireCapableBeanFactory.java:1411)
	at org.springframework.beans.factory.support.AbstractAutowireCapableBeanFactory.doCreateBean(AbstractAutowireCapableBeanFactory.java:592)
	at org.springframework.beans.factory.support.AbstractAutowireCapableBeanFactory.createBean(AbstractAutowireCapableBeanFactory.java:515)
	at org.springframework.beans.factory.support.AbstractBeanFactory.lambda$doGetBean$0(AbstractBeanFactory.java:320)
	at org.springframework.beans.factory.support.DefaultSingletonBeanRegistry.getSingleton(DefaultSingletonBeanRegistry.java:222)
	at org.springframework.beans.factory.support.AbstractBeanFactory.doGetBean(AbstractBeanFactory.java:318)
	at org.springframework.beans.factory.support.AbstractBeanFactory.getBean(AbstractBeanFactory.java:199)
	at org.springframework.beans.factory.config.DependencyDescriptor.resolveCandidate(DependencyDescriptor.java:277)
	at org.springframework.beans.factory.support.DefaultListableBeanFactory.doResolveDependency(DefaultListableBeanFactory.java:1255)
	at org.springframework.beans.factory.support.DefaultListableBeanFactory.resolveDependency(DefaultListableBeanFactory.java:1175)
	at org.springframework.beans.factory.annotation.AutowiredAnnotationBeanPostProcessor$AutowiredFieldElement.inject(AutowiredAnnotationBeanPostProcessor.java:595)
	at org.springframework.beans.factory.annotation.InjectionMetadata.inject(InjectionMetadata.java:90)
	at org.springframework.beans.factory.annotation.AutowiredAnnotationBeanPostProcessor.postProcessProperties(AutowiredAnnotationBeanPostProcessor.java:376)
	at org.springframework.beans.factory.support.AbstractAutowireCapableBeanFactory.populateBean(AbstractAutowireCapableBeanFactory.java:1411)
	at org.springframework.beans.factory.support.AbstractAutowireCapableBeanFactory.doCreateBean(AbstractAutowireCapableBeanFactory.java:592)
	at org.springframework.beans.factory.support.AbstractAutowireCapableBeanFactory.createBean(AbstractAutowireCapableBeanFactory.java:515)
	at org.springframework.beans.factory.support.AbstractBeanFactory.lambda$doGetBean$0(AbstractBeanFactory.java:320)
	at org.springframework.beans.factory.support.DefaultSingletonBeanRegistry.getSingleton(DefaultSingletonBeanRegistry.java:222)
	at org.springframework.beans.factory.support.AbstractBeanFactory.doGetBean(AbstractBeanFactory.java:318)
	at org.springframework.beans.factory.support.AbstractBeanFactory.getBean(AbstractBeanFactory.java:199)
	at org.springframework.beans.factory.support.DefaultListableBeanFactory.preInstantiateSingletons(DefaultListableBeanFactory.java:847)
	at org.springframework.context.support.AbstractApplicationContext.finishBeanFactoryInitialization(AbstractApplicationContext.java:877)
	at org.springframework.context.support.AbstractApplicationContext.refresh(AbstractApplicationContext.java:549)
	at org.springframework.boot.web.servlet.context.ServletWebServerApplicationContext.refresh(ServletWebServerApplicationContext.java:141)
	at org.springframework.boot.SpringApplication.refresh(SpringApplication.java:744)
	at org.springframework.boot.SpringApplication.refreshContext(SpringApplication.java:391)
	at org.springframework.boot.SpringApplication.run(SpringApplication.java:312)
	at org.springframework.boot.SpringApplication.run(SpringApplication.java:1215)
	at org.springframework.boot.SpringApplication.run(SpringApplication.java:1204)
	at com.dream.demo.DemoApplication.main(DemoApplication.java:14)
Caused by: java.lang.ClassNotFoundException: com.mysql.cj.jdbc.Driver
	at java.net.URLClassLoader.findClass(URLClassLoader.java:382)
	at java.lang.ClassLoader.loadClass(ClassLoader.java:424)
	at sun.misc.Launcher$AppClassLoader.loadClass(Launcher.java:349)
	at java.lang.ClassLoader.loadClass(ClassLoader.java:357)
	at java.lang.Class.forName0(Native Method)
	at java.lang.Class.forName(Class.java:264)
	at com.alibaba.druid.util.JdbcUtils.createDriver(JdbcUtils.java:598)
	... 75 more
2019-10-14 14:10:54  [ main:3068 ] - [ WARN ]  Exception encountered during context initialization - cancelling refresh attempt: org.springframework.beans.factory.UnsatisfiedDependencyException: Error creating bean with name 'userController': Unsatisfied dependency expressed through field 'userService'; nested exception is org.springframework.beans.factory.UnsatisfiedDependencyException: Error creating bean with name 'userServiceImpl': Unsatisfied dependency expressed through field 'userMapper'; nested exception is org.springframework.beans.factory.UnsatisfiedDependencyException: Error creating bean with name 'userMapper' defined in file [E:\IdeaProjects\myproject\devTemplate\target\classes\com\dream\demo\dao\UserMapper.class]: Unsatisfied dependency expressed through bean property 'sqlSessionFactory'; nested exception is org.springframework.beans.factory.UnsatisfiedDependencyException: Error creating bean with name 'sqlSessionFactory' defined in class path resource [org/mybatis/spring/boot/autoconfigure/MybatisAutoConfiguration.class]: Unsatisfied dependency expressed through method 'sqlSessionFactory' parameter 0; nested exception is org.springframework.beans.factory.BeanCreationException: Error creating bean with name 'dataSource' defined in class path resource [com/alibaba/druid/spring/boot/autoconfigure/DruidDataSourceAutoConfigure.class]: Invocation of init method failed; nested exception is java.sql.SQLException: com.mysql.cj.jdbc.Driver
2019-10-14 14:10:54  [ main:3081 ] - [ INFO ]  

Error starting ApplicationContext. To display the conditions report re-run your application with 'debug' enabled.
2019-10-14 14:10:54  [ main:3130 ] - [ ERROR ]  Application run failed
org.springframework.beans.factory.UnsatisfiedDependencyException: Error creating bean with name 'userController': Unsatisfied dependency expressed through field 'userService'; nested exception is org.springframework.beans.factory.UnsatisfiedDependencyException: Error creating bean with name 'userServiceImpl': Unsatisfied dependency expressed through field 'userMapper'; nested exception is org.springframework.beans.factory.UnsatisfiedDependencyException: Error creating bean with name 'userMapper' defined in file [E:\IdeaProjects\myproject\devTemplate\target\classes\com\dream\demo\dao\UserMapper.class]: Unsatisfied dependency expressed through bean property 'sqlSessionFactory'; nested exception is org.springframework.beans.factory.UnsatisfiedDependencyException: Error creating bean with name 'sqlSessionFactory' defined in class path resource [org/mybatis/spring/boot/autoconfigure/MybatisAutoConfiguration.class]: Unsatisfied dependency expressed through method 'sqlSessionFactory' parameter 0; nested exception is org.springframework.beans.factory.BeanCreationException: Error creating bean with name 'dataSource' defined in class path resource [com/alibaba/druid/spring/boot/autoconfigure/DruidDataSourceAutoConfigure.class]: Invocation of init method failed; nested exception is java.sql.SQLException: com.mysql.cj.jdbc.Driver
	at org.springframework.beans.factory.annotation.AutowiredAnnotationBeanPostProcessor$AutowiredFieldElement.inject(AutowiredAnnotationBeanPostProcessor.java:598)
	at org.springframework.beans.factory.annotation.InjectionMetadata.inject(InjectionMetadata.java:90)
	at org.springframework.beans.factory.annotation.AutowiredAnnotationBeanPostProcessor.postProcessProperties(AutowiredAnnotationBeanPostProcessor.java:376)
	at org.springframework.beans.factory.support.AbstractAutowireCapableBeanFactory.populateBean(AbstractAutowireCapableBeanFactory.java:1411)
	at org.springframework.beans.factory.support.AbstractAutowireCapableBeanFactory.doCreateBean(AbstractAutowireCapableBeanFactory.java:592)
	at org.springframework.beans.factory.support.AbstractAutowireCapableBeanFactory.createBean(AbstractAutowireCapableBeanFactory.java:515)
	at org.springframework.beans.factory.support.AbstractBeanFactory.lambda$doGetBean$0(AbstractBeanFactory.java:320)
	at org.springframework.beans.factory.support.DefaultSingletonBeanRegistry.getSingleton(DefaultSingletonBeanRegistry.java:222)
	at org.springframework.beans.factory.support.AbstractBeanFactory.doGetBean(AbstractBeanFactory.java:318)
	at org.springframework.beans.factory.support.AbstractBeanFactory.getBean(AbstractBeanFactory.java:199)
	at org.springframework.beans.factory.support.DefaultListableBeanFactory.preInstantiateSingletons(DefaultListableBeanFactory.java:847)
	at org.springframework.context.support.AbstractApplicationContext.finishBeanFactoryInitialization(AbstractApplicationContext.java:877)
	at org.springframework.context.support.AbstractApplicationContext.refresh(AbstractApplicationContext.java:549)
	at org.springframework.boot.web.servlet.context.ServletWebServerApplicationContext.refresh(ServletWebServerApplicationContext.java:141)
	at org.springframework.boot.SpringApplication.refresh(SpringApplication.java:744)
	at org.springframework.boot.SpringApplication.refreshContext(SpringApplication.java:391)
	at org.springframework.boot.SpringApplication.run(SpringApplication.java:312)
	at org.springframework.boot.SpringApplication.run(SpringApplication.java:1215)
	at org.springframework.boot.SpringApplication.run(SpringApplication.java:1204)
	at com.dream.demo.DemoApplication.main(DemoApplication.java:14)
Caused by: org.springframework.beans.factory.UnsatisfiedDependencyException: Error creating bean with name 'userServiceImpl': Unsatisfied dependency expressed through field 'userMapper'; nested exception is org.springframework.beans.factory.UnsatisfiedDependencyException: Error creating bean with name 'userMapper' defined in file [E:\IdeaProjects\myproject\devTemplate\target\classes\com\dream\demo\dao\UserMapper.class]: Unsatisfied dependency expressed through bean property 'sqlSessionFactory'; nested exception is org.springframework.beans.factory.UnsatisfiedDependencyException: Error creating bean with name 'sqlSessionFactory' defined in class path resource [org/mybatis/spring/boot/autoconfigure/MybatisAutoConfiguration.class]: Unsatisfied dependency expressed through method 'sqlSessionFactory' parameter 0; nested exception is org.springframework.beans.factory.BeanCreationException: Error creating bean with name 'dataSource' defined in class path resource [com/alibaba/druid/spring/boot/autoconfigure/DruidDataSourceAutoConfigure.class]: Invocation of init method failed; nested exception is java.sql.SQLException: com.mysql.cj.jdbc.Driver
	at org.springframework.beans.factory.annotation.AutowiredAnnotationBeanPostProcessor$AutowiredFieldElement.inject(AutowiredAnnotationBeanPostProcessor.java:598)
	at org.springframework.beans.factory.annotation.InjectionMetadata.inject(InjectionMetadata.java:90)
	at org.springframework.beans.factory.annotation.AutowiredAnnotationBeanPostProcessor.postProcessProperties(AutowiredAnnotationBeanPostProcessor.java:376)
	at org.springframework.beans.factory.support.AbstractAutowireCapableBeanFactory.populateBean(AbstractAutowireCapableBeanFactory.java:1411)
	at org.springframework.beans.factory.support.AbstractAutowireCapableBeanFactory.doCreateBean(AbstractAutowireCapableBeanFactory.java:592)
	at org.springframework.beans.factory.support.AbstractAutowireCapableBeanFactory.createBean(AbstractAutowireCapableBeanFactory.java:515)
	at org.springframework.beans.factory.support.AbstractBeanFactory.lambda$doGetBean$0(AbstractBeanFactory.java:320)
	at org.springframework.beans.factory.support.DefaultSingletonBeanRegistry.getSingleton(DefaultSingletonBeanRegistry.java:222)
	at org.springframework.beans.factory.support.AbstractBeanFactory.doGetBean(AbstractBeanFactory.java:318)
	at org.springframework.beans.factory.support.AbstractBeanFactory.getBean(AbstractBeanFactory.java:199)
	at org.springframework.beans.factory.config.DependencyDescriptor.resolveCandidate(DependencyDescriptor.java:277)
	at org.springframework.beans.factory.support.DefaultListableBeanFactory.doResolveDependency(DefaultListableBeanFactory.java:1255)
	at org.springframework.beans.factory.support.DefaultListableBeanFactory.resolveDependency(DefaultListableBeanFactory.java:1175)
	at org.springframework.beans.factory.annotation.AutowiredAnnotationBeanPostProcessor$AutowiredFieldElement.inject(AutowiredAnnotationBeanPostProcessor.java:595)
	... 19 more
Caused by: org.springframework.beans.factory.UnsatisfiedDependencyException: Error creating bean with name 'userMapper' defined in file [E:\IdeaProjects\myproject\devTemplate\target\classes\com\dream\demo\dao\UserMapper.class]: Unsatisfied dependency expressed through bean property 'sqlSessionFactory'; nested exception is org.springframework.beans.factory.UnsatisfiedDependencyException: Error creating bean with name 'sqlSessionFactory' defined in class path resource [org/mybatis/spring/boot/autoconfigure/MybatisAutoConfiguration.class]: Unsatisfied dependency expressed through method 'sqlSessionFactory' parameter 0; nested exception is org.springframework.beans.factory.BeanCreationException: Error creating bean with name 'dataSource' defined in class path resource [com/alibaba/druid/spring/boot/autoconfigure/DruidDataSourceAutoConfigure.class]: Invocation of init method failed; nested exception is java.sql.SQLException: com.mysql.cj.jdbc.Driver
	at org.springframework.beans.factory.support.AbstractAutowireCapableBeanFactory.autowireByType(AbstractAutowireCapableBeanFactory.java:1515)
	at org.springframework.beans.factory.support.AbstractAutowireCapableBeanFactory.populateBean(AbstractAutowireCapableBeanFactory.java:1395)
	at org.springframework.beans.factory.support.AbstractAutowireCapableBeanFactory.doCreateBean(AbstractAutowireCapableBeanFactory.java:592)
	at org.springframework.beans.factory.support.AbstractAutowireCapableBeanFactory.createBean(AbstractAutowireCapableBeanFactory.java:515)
	at org.springframework.beans.factory.support.AbstractBeanFactory.lambda$doGetBean$0(AbstractBeanFactory.java:320)
	at org.springframework.beans.factory.support.DefaultSingletonBeanRegistry.getSingleton(DefaultSingletonBeanRegistry.java:222)
	at org.springframework.beans.factory.support.AbstractBeanFactory.doGetBean(AbstractBeanFactory.java:318)
	at org.springframework.beans.factory.support.AbstractBeanFactory.getBean(AbstractBeanFactory.java:199)
	at org.springframework.beans.factory.config.DependencyDescriptor.resolveCandidate(DependencyDescriptor.java:277)
	at org.springframework.beans.factory.support.DefaultListableBeanFactory.doResolveDependency(DefaultListableBeanFactory.java:1255)
	at org.springframework.beans.factory.support.DefaultListableBeanFactory.resolveDependency(DefaultListableBeanFactory.java:1175)
	at org.springframework.beans.factory.annotation.AutowiredAnnotationBeanPostProcessor$AutowiredFieldElement.inject(AutowiredAnnotationBeanPostProcessor.java:595)
	... 32 more
Caused by: org.springframework.beans.factory.UnsatisfiedDependencyException: Error creating bean with name 'sqlSessionFactory' defined in class path resource [org/mybatis/spring/boot/autoconfigure/MybatisAutoConfiguration.class]: Unsatisfied dependency expressed through method 'sqlSessionFactory' parameter 0; nested exception is org.springframework.beans.factory.BeanCreationException: Error creating bean with name 'dataSource' defined in class path resource [com/alibaba/druid/spring/boot/autoconfigure/DruidDataSourceAutoConfigure.class]: Invocation of init method failed; nested exception is java.sql.SQLException: com.mysql.cj.jdbc.Driver
	at org.springframework.beans.factory.support.ConstructorResolver.createArgumentArray(ConstructorResolver.java:769)
	at org.springframework.beans.factory.support.ConstructorResolver.instantiateUsingFactoryMethod(ConstructorResolver.java:509)
	at org.springframework.beans.factory.support.AbstractAutowireCapableBeanFactory.instantiateUsingFactoryMethod(AbstractAutowireCapableBeanFactory.java:1321)
	at org.springframework.beans.factory.support.AbstractAutowireCapableBeanFactory.createBeanInstance(AbstractAutowireCapableBeanFactory.java:1160)
	at org.springframework.beans.factory.support.AbstractAutowireCapableBeanFactory.doCreateBean(AbstractAutowireCapableBeanFactory.java:555)
	at org.springframework.beans.factory.support.AbstractAutowireCapableBeanFactory.createBean(AbstractAutowireCapableBeanFactory.java:515)
	at org.springframework.beans.factory.support.AbstractBeanFactory.lambda$doGetBean$0(AbstractBeanFactory.java:320)
	at org.springframework.beans.factory.support.DefaultSingletonBeanRegistry.getSingleton(DefaultSingletonBeanRegistry.java:222)
	at org.springframework.beans.factory.support.AbstractBeanFactory.doGetBean(AbstractBeanFactory.java:318)
	at org.springframework.beans.factory.support.AbstractBeanFactory.getBean(AbstractBeanFactory.java:199)
	at org.springframework.beans.factory.config.DependencyDescriptor.resolveCandidate(DependencyDescriptor.java:277)
	at org.springframework.beans.factory.support.DefaultListableBeanFactory.doResolveDependency(DefaultListableBeanFactory.java:1255)
	at org.springframework.beans.factory.support.DefaultListableBeanFactory.resolveDependency(DefaultListableBeanFactory.java:1175)
	at org.springframework.beans.factory.support.AbstractAutowireCapableBeanFactory.autowireByType(AbstractAutowireCapableBeanFactory.java:1500)
	... 43 more
Caused by: org.springframework.beans.factory.BeanCreationException: Error creating bean with name 'dataSource' defined in class path resource [com/alibaba/druid/spring/boot/autoconfigure/DruidDataSourceAutoConfigure.class]: Invocation of init method failed; nested exception is java.sql.SQLException: com.mysql.cj.jdbc.Driver
	at org.springframework.beans.factory.support.AbstractAutowireCapableBeanFactory.initializeBean(AbstractAutowireCapableBeanFactory.java:1778)
	at org.springframework.beans.factory.support.AbstractAutowireCapableBeanFactory.doCreateBean(AbstractAutowireCapableBeanFactory.java:593)
	at org.springframework.beans.factory.support.AbstractAutowireCapableBeanFactory.createBean(AbstractAutowireCapableBeanFactory.java:515)
	at org.springframework.beans.factory.support.AbstractBeanFactory.lambda$doGetBean$0(AbstractBeanFactory.java:320)
	at org.springframework.beans.factory.support.DefaultSingletonBeanRegistry.getSingleton(DefaultSingletonBeanRegistry.java:222)
	at org.springframework.beans.factory.support.AbstractBeanFactory.doGetBean(AbstractBeanFactory.java:318)
	at org.springframework.beans.factory.support.AbstractBeanFactory.getBean(AbstractBeanFactory.java:199)
	at org.springframework.beans.factory.config.DependencyDescriptor.resolveCandidate(DependencyDescriptor.java:277)
	at org.springframework.beans.factory.support.DefaultListableBeanFactory.doResolveDependency(DefaultListableBeanFactory.java:1255)
	at org.springframework.beans.factory.support.DefaultListableBeanFactory.resolveDependency(DefaultListableBeanFactory.java:1175)
	at org.springframework.beans.factory.support.ConstructorResolver.resolveAutowiredArgument(ConstructorResolver.java:857)
	at org.springframework.beans.factory.support.ConstructorResolver.createArgumentArray(ConstructorResolver.java:760)
	... 56 more
Caused by: java.sql.SQLException: com.mysql.cj.jdbc.Driver
	at com.alibaba.druid.util.JdbcUtils.createDriver(JdbcUtils.java:600)
	at com.alibaba.druid.pool.DruidDataSource.init(DruidDataSource.java:817)
	at sun.reflect.NativeMethodAccessorImpl.invoke0(Native Method)
	at sun.reflect.NativeMethodAccessorImpl.invoke(NativeMethodAccessorImpl.java:62)
	at sun.reflect.DelegatingMethodAccessorImpl.invoke(DelegatingMethodAccessorImpl.java:43)
	at java.lang.reflect.Method.invoke(Method.java:498)
	at org.springframework.beans.factory.support.AbstractAutowireCapableBeanFactory.invokeCustomInitMethod(AbstractAutowireCapableBeanFactory.java:1904)
	at org.springframework.beans.factory.support.AbstractAutowireCapableBeanFactory.invokeInitMethods(AbstractAutowireCapableBeanFactory.java:1846)
	at org.springframework.beans.factory.support.AbstractAutowireCapableBeanFactory.initializeBean(AbstractAutowireCapableBeanFactory.java:1774)
	... 67 more
Caused by: java.lang.ClassNotFoundException: com.mysql.cj.jdbc.Driver
	at java.net.URLClassLoader.findClass(URLClassLoader.java:382)
	at java.lang.ClassLoader.loadClass(ClassLoader.java:424)
	at sun.misc.Launcher$AppClassLoader.loadClass(Launcher.java:349)
	at java.lang.ClassLoader.loadClass(ClassLoader.java:357)
	at java.lang.Class.forName0(Native Method)
	at java.lang.Class.forName(Class.java:264)
	at com.alibaba.druid.util.JdbcUtils.createDriver(JdbcUtils.java:598)
	... 75 more
2019-10-14 14:14:37  [ background-preinit:0 ] - [ INFO ]  HV000001: Hibernate Validator 6.0.17.Final
2019-10-14 14:14:38  [ main:317 ] - [ INFO ]  Starting DemoApplication on HIH-D-6675 with PID 141788 (E:\IdeaProjects\myproject\devTemplate\target\classes started by wb.lixiang2019 in E:\IdeaProjects\myproject\devTemplate)
2019-10-14 14:14:38  [ main:318 ] - [ INFO ]  The following profiles are active: dev
2019-10-14 14:14:39  [ main:1530 ] - [ INFO ]  Tomcat initialized with port(s): 8080 (http)
2019-10-14 14:14:39  [ main:1689 ] - [ INFO ]  Root WebApplicationContext: initialization completed in 1313 ms
2019-10-14 14:14:39  [ main:1786 ] - [ INFO ]  Init DruidDataSource
2019-10-14 14:14:39  [ main:2126 ] - [ INFO ]  {dataSource-1} inited
2019-10-14 14:14:40  [ main:2603 ] - [ INFO ]  Initializing ExecutorService 'applicationTaskExecutor'
2019-10-14 14:14:40  [ main:2675 ] - [ INFO ]  Adding welcome page template: index
2019-10-14 14:14:40  [ main:2944 ] - [ INFO ]  Tomcat started on port(s): 8080 (http) with context path '/devTemplate'
2019-10-14 14:14:40  [ main:2947 ] - [ INFO ]  Started DemoApplication in 3.1 seconds (JVM running for 3.989)
2019-10-14 14:17:45  [ Thread-8:187628 ] - [ INFO ]  Shutting down ExecutorService 'applicationTaskExecutor'
2019-10-14 14:17:45  [ Thread-8:187632 ] - [ INFO ]  {dataSource-1} closed
2019-10-14 14:17:49  [ background-preinit:0 ] - [ INFO ]  HV000001: Hibernate Validator 6.0.17.Final
2019-10-14 14:17:49  [ main:305 ] - [ INFO ]  Starting DemoApplication on HIH-D-6675 with PID 152900 (E:\IdeaProjects\myproject\devTemplate\target\classes started by wb.lixiang2019 in E:\IdeaProjects\myproject\devTemplate)
2019-10-14 14:17:49  [ main:306 ] - [ INFO ]  The following profiles are active: dev
2019-10-14 14:17:50  [ main:1561 ] - [ INFO ]  Tomcat initialized with port(s): 8080 (http)
2019-10-14 14:17:50  [ main:1718 ] - [ INFO ]  Root WebApplicationContext: initialization completed in 1354 ms
2019-10-14 14:17:51  [ main:1808 ] - [ INFO ]  Init DruidDataSource
2019-10-14 14:17:51  [ main:2078 ] - [ INFO ]  {dataSource-1} inited
2019-10-14 14:17:51  [ main:2443 ] - [ INFO ]  Initializing ExecutorService 'applicationTaskExecutor'
2019-10-14 14:17:51  [ main:2510 ] - [ INFO ]  Adding welcome page template: index
2019-10-14 14:17:51  [ main:2751 ] - [ INFO ]  Tomcat started on port(s): 8080 (http) with context path '/devTemplate'
2019-10-14 14:17:51  [ main:2755 ] - [ INFO ]  Started DemoApplication in 2.903 seconds (JVM running for 3.84)
2019-10-14 14:18:26  [ Thread-8:37733 ] - [ INFO ]  Shutting down ExecutorService 'applicationTaskExecutor'
2019-10-14 14:18:26  [ Thread-8:37739 ] - [ INFO ]  {dataSource-1} closed
2019-10-14 14:18:30  [ background-preinit:0 ] - [ INFO ]  HV000001: Hibernate Validator 6.0.17.Final
2019-10-14 14:18:30  [ main:314 ] - [ INFO ]  Starting DemoApplication on HIH-D-6675 with PID 145840 (E:\IdeaProjects\myproject\devTemplate\target\classes started by wb.lixiang2019 in E:\IdeaProjects\myproject\devTemplate)
2019-10-14 14:18:30  [ main:314 ] - [ INFO ]  The following profiles are active: dev
2019-10-14 14:18:31  [ main:1519 ] - [ INFO ]  Tomcat initialized with port(s): 8080 (http)
2019-10-14 14:18:32  [ main:1679 ] - [ INFO ]  Root WebApplicationContext: initialization completed in 1298 ms
2019-10-14 14:18:32  [ main:1780 ] - [ INFO ]  Init DruidDataSource
2019-10-14 14:18:32  [ main:2053 ] - [ INFO ]  {dataSource-1} inited
2019-10-14 14:18:32  [ main:2418 ] - [ INFO ]  Initializing ExecutorService 'applicationTaskExecutor'
2019-10-14 14:18:32  [ main:2485 ] - [ INFO ]  Adding welcome page template: index
2019-10-14 14:18:33  [ main:2747 ] - [ INFO ]  Tomcat started on port(s): 8080 (http) with context path ''
2019-10-14 14:18:33  [ main:2751 ] - [ INFO ]  Started DemoApplication in 2.936 seconds (JVM running for 3.804)
2019-10-14 14:18:38  [ http-nio-8080-exec-2:8389 ] - [ INFO ]  Initializing Servlet 'dispatcherServlet'
2019-10-14 14:18:38  [ http-nio-8080-exec-2:8396 ] - [ INFO ]  Completed initialization in 7 ms
2019-10-14 14:19:09  [ Thread-8:39129 ] - [ INFO ]  Shutting down ExecutorService 'applicationTaskExecutor'
2019-10-14 14:19:09  [ Thread-8:39143 ] - [ INFO ]  {dataSource-1} closed
2019-10-14 14:19:13  [ background-preinit:0 ] - [ INFO ]  HV000001: Hibernate Validator 6.0.17.Final
2019-10-14 14:19:13  [ main:321 ] - [ INFO ]  Starting DemoApplication on HIH-D-6675 with PID 274372 (E:\IdeaProjects\myproject\devTemplate\target\classes started by wb.lixiang2019 in E:\IdeaProjects\myproject\devTemplate)
2019-10-14 14:19:13  [ main:321 ] - [ INFO ]  The following profiles are active: dev
2019-10-14 14:19:14  [ main:1437 ] - [ INFO ]  Tomcat initialized with port(s): 8080 (http)
2019-10-14 14:19:14  [ main:1616 ] - [ INFO ]  Root WebApplicationContext: initialization completed in 1237 ms
2019-10-14 14:19:14  [ main:1721 ] - [ INFO ]  Init DruidDataSource
2019-10-14 14:19:15  [ main:2002 ] - [ INFO ]  {dataSource-1} inited
2019-10-14 14:19:15  [ main:2370 ] - [ INFO ]  Initializing ExecutorService 'applicationTaskExecutor'
2019-10-14 14:19:15  [ main:2425 ] - [ INFO ]  Adding welcome page template: index
2019-10-14 14:19:15  [ main:2630 ] - [ INFO ]  Tomcat started on port(s): 8080 (http) with context path ''
2019-10-14 14:19:15  [ main:2633 ] - [ INFO ]  Started DemoApplication in 2.769 seconds (JVM running for 3.621)
2019-10-14 14:20:59  [ http-nio-8080-exec-2:106336 ] - [ INFO ]  Initializing Servlet 'dispatcherServlet'
2019-10-14 14:20:59  [ http-nio-8080-exec-2:106343 ] - [ INFO ]  Completed initialization in 6 ms
2019-10-14 14:21:57  [ http-nio-8080-exec-12:163883 ] - [ WARN ]  No mapping for GET /static/image/test.jpg
2019-10-14 15:41:37  [ Thread-7:4943824 ] - [ INFO ]  Shutting down ExecutorService 'applicationTaskExecutor'
2019-10-14 15:41:37  [ Thread-7:4943840 ] - [ INFO ]  {dataSource-1} closed
2019-10-14 15:41:44  [ background-preinit:0 ] - [ INFO ]  HV000001: Hibernate Validator 6.0.17.Final
2019-10-14 15:41:44  [ main:420 ] - [ INFO ]  Starting DemoApplication on HIH-D-6675 with PID 46920 (E:\IdeaProjects\myproject\devTemplate\target\classes started by wb.lixiang2019 in E:\IdeaProjects\myproject\devTemplate)
2019-10-14 15:41:44  [ main:421 ] - [ INFO ]  The following profiles are active: dev
2019-10-14 15:41:45  [ main:1615 ] - [ INFO ]  Tomcat initialized with port(s): 8080 (http)
2019-10-14 15:41:45  [ main:1782 ] - [ INFO ]  Root WebApplicationContext: initialization completed in 1303 ms
2019-10-14 15:41:45  [ main:1888 ] - [ INFO ]  Init DruidDataSource
2019-10-14 15:41:46  [ main:2166 ] - [ INFO ]  {dataSource-1} inited
2019-10-14 15:41:46  [ main:2531 ] - [ INFO ]  Initializing ExecutorService 'applicationTaskExecutor'
2019-10-14 15:41:46  [ main:2716 ] - [ INFO ]  Adding welcome page template: index
2019-10-14 15:41:46  [ main:2934 ] - [ INFO ]  Tomcat started on port(s): 8080 (http) with context path ''
2019-10-14 15:41:46  [ main:2938 ] - [ INFO ]  Started DemoApplication in 3.129 seconds (JVM running for 4.045)
2019-10-14 15:42:09  [ http-nio-8080-exec-1:25186 ] - [ INFO ]  Initializing Servlet 'dispatcherServlet'
2019-10-14 15:42:09  [ http-nio-8080-exec-1:25193 ] - [ INFO ]  Completed initialization in 7 ms
2019-10-14 15:42:09  [ http-nio-8080-exec-2:25556 ] - [ WARN ]  No mapping for GET /static/image/test.jpg
2019-10-14 15:42:37  [ http-nio-8080-exec-5:53622 ] - [ WARN ]  No mapping for GET /static/image/test.jpg
2019-10-14 15:43:34  [ Thread-8:110205 ] - [ INFO ]  Shutting down ExecutorService 'applicationTaskExecutor'
2019-10-14 15:43:34  [ Thread-8:110208 ] - [ INFO ]  {dataSource-1} closed
